INFO:     Will watch for changes in these directories: ['/Users/dutch/Dev/signalscore/execution/backend']
INFO:     Uvicorn running on http://127.0.0.1:8000 (Press CTRL+C to quit)
INFO:     Started reloader process [83230] using WatchFiles
INFO:     Started server process [83282]
INFO:     Waiting for application startup.
INFO:     Application startup complete.
INFO:     127.0.0.1:55255 - "POST /api/v1/scores HTTP/1.1" 200 OK
INFO:     127.0.0.1:55262 - "POST /api/v1/scores HTTP/1.1" 202 Accepted
Starting background scoring for https://shopify.com
Successfully scored Shopify
INFO:     127.0.0.1:55463 - "POST /api/v1/scores HTTP/1.1" 200 OK
WARNING:  WatchFiles detected changes in 'app/services/scoring_service.py'. Reloading...
INFO:     Shutting down
INFO:     Waiting for application shutdown.
INFO:     Application shutdown complete.
INFO:     Finished server process [83282]
INFO:     Started server process [87631]
INFO:     Waiting for application startup.
INFO:     Application startup complete.
WARNING:  WatchFiles detected changes in 'scripts/rescore_shopify.py'. Reloading...
INFO:     Shutting down
INFO:     Waiting for application shutdown.
INFO:     Application shutdown complete.
INFO:     Finished server process [87631]
INFO:     Started server process [87643]
INFO:     Waiting for application startup.
INFO:     Application startup complete.
INFO:     127.0.0.1:56316 - "POST /api/v1/scores HTTP/1.1" 200 OK
WARNING:  WatchFiles detected changes in 'scripts/rescore_company.py'. Reloading...
INFO:     Shutting down
INFO:     Waiting for application shutdown.
INFO:     Application shutdown complete.
INFO:     Finished server process [87643]
INFO:     Started server process [89254]
INFO:     Waiting for application startup.
INFO:     Application startup complete.
INFO:     127.0.0.1:56378 - "POST /api/v1/scores HTTP/1.1" 202 Accepted
WARNING:  WatchFiles detected changes in 'scripts/debug_nordstrom.py', 'scripts/rescore_shopify.py', 'scripts/rescore_nordstrom.py'. Reloading...
INFO:     Shutting down
INFO:     Waiting for application shutdown.
INFO:     Application shutdown complete.
INFO:     Finished server process [89254]
INFO:     Started server process [90754]
INFO:     Waiting for application startup.
INFO:     Application startup complete.
INFO:     127.0.0.1:56423 - "POST /api/v1/scores HTTP/1.1" 200 OK
INFO:     127.0.0.1:56425 - "POST /api/v1/scores HTTP/1.1" 200 OK
INFO:     127.0.0.1:56428 - "POST /api/v1/scores HTTP/1.1" 200 OK
WARNING:  WatchFiles detected changes in '.venv/lib/python3.14/site-packages/lxml/html/_html5builder.py', '.venv/lib/python3.14/site-packages/lxml/_elementpath.py', '.venv/lib/python3.14/site-packages/lxml/includes/libexslt/__init__.py', '.venv/lib/python3.14/site-packages/duckduckgo_search/duckduckgo_search.py', '.venv/lib/python3.14/site-packages/lxml/html/__init__.py', '.venv/lib/python3.14/site-packages/lxml/doctestcompare.py', '.venv/lib/python3.14/site-packages/lxml/ElementInclude.py', '.venv/lib/python3.14/site-packages/lxml/sax.py', '.venv/lib/python3.14/site-packages/duckduckgo_search/__main__.py', '.venv/lib/python3.14/site-packages/lxml/builder.py', '.venv/lib/python3.14/site-packages/lxml/html/usedoctest.py', '.venv/lib/python3.14/site-packages/lxml/usedoctest.py', '.venv/lib/python3.14/site-packages/duckduckgo_search/cli.py', '.venv/lib/python3.14/site-packages/lxml/__init__.py', '.venv/lib/python3.14/site-packages/lxml/includes/libxml/__init__.py', '.venv/lib/python3.14/site-packages/lxml/html/defs.py', '.venv/lib/python3.14/site-packages/lxml/html/html5parser.py', '.venv/lib/python3.14/site-packages/duckduckgo_search/exceptions.py', '.venv/lib/python3.14/site-packages/lxml/html/formfill.py', '.venv/lib/python3.14/site-packages/lxml/html/_difflib.py', '.venv/lib/python3.14/site-packages/lxml/html/_setmixin.py', '.venv/lib/python3.14/site-packages/duckduckgo_search/__init__.py', '.venv/lib/python3.14/site-packages/lxml/includes/libxslt/__init__.py', '.venv/lib/python3.14/site-packages/lxml/html/builder.py', '.venv/lib/python3.14/site-packages/lxml/includes/__init__.py', '.venv/lib/python3.14/site-packages/lxml/isoschematron/__init__.py', '.venv/lib/python3.14/site-packages/primp/__init__.py', '.venv/lib/python3.14/site-packages/lxml/html/ElementSoup.py', '.venv/lib/python3.14/site-packages/lxml/pyclasslookup.py', '.venv/lib/python3.14/site-packages/lxml/includes/extlibs/__init__.py', '.venv/lib/python3.14/site-packages/lxml/html/soupparser.py', '.venv/lib/python3.14/site-packages/duckduckgo_search/version.py', '.venv/lib/python3.14/site-packages/duckduckgo_search/utils.py', '.venv/lib/python3.14/site-packages/lxml/html/diff.py', '.venv/lib/python3.14/site-packages/lxml/html/_diffcommand.py', '.venv/lib/python3.14/site-packages/lxml/html/clean.py', '.venv/lib/python3.14/site-packages/lxml/cssselect.py'. Reloading...
INFO:     Shutting down
INFO:     Waiting for application shutdown.
INFO:     Application shutdown complete.
INFO:     Finished server process [90754]
INFO:     Started server process [92397]
INFO:     Waiting for application startup.
INFO:     Application startup complete.
WARNING:  WatchFiles detected changes in 'scripts/research_prototype.py'. Reloading...
INFO:     Shutting down
INFO:     Waiting for application shutdown.
INFO:     Application shutdown complete.
INFO:     Finished server process [92397]
INFO:     Started server process [92410]
INFO:     Waiting for application startup.
INFO:     Application startup complete.
WARNING:  WatchFiles detected changes in '.venv/lib/python3.14/site-packages/~uckduckgo_search/utils.py', '.venv/lib/python3.14/site-packages/~uckduckgo_search/duckduckgo_search.py', '.venv/lib/python3.14/site-packages/~uckduckgo_search/exceptions.py', '.venv/lib/python3.14/site-packages/~uckduckgo_search/__main__.py', '.venv/lib/python3.14/site-packages/~uckduckgo_search/version.py', '.venv/lib/python3.14/site-packages/~uckduckgo_search/__init__.py', '.venv/lib/python3.14/site-packages/~uckduckgo_search/cli.py'. Reloading...
INFO:     Shutting down
INFO:     Waiting for application shutdown.
INFO:     Application shutdown complete.
INFO:     Finished server process [92410]
INFO:     Started server process [93042]
INFO:     Waiting for application startup.
INFO:     Application startup complete.
WARNING:  WatchFiles detected changes in '.venv/lib/python3.14/site-packages/ddgs/engines/duckduckgo.py', '.venv/lib/python3.14/site-packages/ddgs/engines/duckduckgo_videos.py', '.venv/lib/python3.14/site-packages/hpack/__init__.py', '.venv/lib/python3.14/site-packages/ddgs/ddgs.py', '.venv/lib/python3.14/site-packages/hyperframe/flags.py', '.venv/lib/python3.14/site-packages/hpack/hpack.py', '.venv/lib/python3.14/site-packages/h2/config.py', '.venv/lib/python3.14/site-packages/hyperframe/__init__.py', '.venv/lib/python3.14/site-packages/h2/utilities.py', '.venv/lib/python3.14/site-packages/brotli.py', '.venv/lib/python3.14/site-packages/ddgs/engines/bing.py', '.venv/lib/python3.14/site-packages/socksio/exceptions.py', '.venv/lib/python3.14/site-packages/ddgs/cli.py', '.venv/lib/python3.14/site-packages/hpack/struct.py', '.venv/lib/python3.14/site-packages/socksio/socks5.py', '.venv/lib/python3.14/site-packages/fake_useragent/log.py', '.venv/lib/python3.14/site-packages/fake_useragent/fake.py', '.venv/lib/python3.14/site-packages/ddgs/engines/grokipedia.py', '.venv/lib/python3.14/site-packages/hpack/huffman_constants.py', '.venv/lib/python3.14/site-packages/hyperframe/exceptions.py', '.venv/lib/python3.14/site-packages/ddgs/http_client2.py', '.venv/lib/python3.14/site-packages/socksio/utils.py', '.venv/lib/python3.14/site-packages/socksio/socks4.py', '.venv/lib/python3.14/site-packages/ddgs/results.py', '.venv/lib/python3.14/site-packages/ddgs/utils.py', '.venv/lib/python3.14/site-packages/fake_useragent/errors.py', '.venv/lib/python3.14/site-packages/h2/errors.py', '.venv/lib/python3.14/site-packages/h2/stream.py', '.venv/lib/python3.14/site-packages/h2/events.py', '.venv/lib/python3.14/site-packages/hyperframe/frame.py', '.venv/lib/python3.14/site-packages/ddgs/http_client.py', '.venv/lib/python3.14/site-packages/ddgs/engines/bing_news.py', '.venv/lib/python3.14/site-packages/ddgs/engines/duckduckgo_news.py', '.venv/lib/python3.14/site-packages/h2/settings.py', '.venv/lib/python3.14/site-packages/socksio/__init__.py', '.venv/lib/python3.14/site-packages/socksio/compat.py', '.venv/lib/python3.14/site-packages/h2/connection.py', '.venv/lib/python3.14/site-packages/ddgs/base.py', '.venv/lib/python3.14/site-packages/fake_useragent/__init__.py', '.venv/lib/python3.14/site-packages/ddgs/engines/wikipedia.py', '.venv/lib/python3.14/site-packages/ddgs/engines/yandex.py', '.venv/lib/python3.14/site-packages/ddgs/engines/annasarchive.py', '.venv/lib/python3.14/site-packages/h2/windows.py', '.venv/lib/python3.14/site-packages/ddgs/engines/google.py', '.venv/lib/python3.14/site-packages/ddgs/engines/brave.py', '.venv/lib/python3.14/site-packages/ddgs/engines/duckduckgo_images.py', '.venv/lib/python3.14/site-packages/ddgs/engines/yahoo_news.py', '.venv/lib/python3.14/site-packages/ddgs/exceptions.py', '.venv/lib/python3.14/site-packages/h2/frame_buffer.py', '.venv/lib/python3.14/site-packages/ddgs/__init__.py', '.venv/lib/python3.14/site-packages/fake_useragent/get_version.py', '.venv/lib/python3.14/site-packages/h2/exceptions.py', '.venv/lib/python3.14/site-packages/ddgs/engines/__init__.py', '.venv/lib/python3.14/site-packages/ddgs/engines/yahoo.py', '.venv/lib/python3.14/site-packages/h2/__init__.py', '.venv/lib/python3.14/site-packages/hpack/huffman_table.py', '.venv/lib/python3.14/site-packages/ddgs/engines/mojeek.py', '.venv/lib/python3.14/site-packages/socksio/_types.py', '.venv/lib/python3.14/site-packages/fake_useragent/utils.py', '.venv/lib/python3.14/site-packages/ddgs/similarity.py', '.venv/lib/python3.14/site-packages/hpack/huffman.py', '.venv/lib/python3.14/site-packages/hpack/table.py', '.venv/lib/python3.14/site-packages/hpack/exceptions.py'. Reloading...
INFO:     Shutting down
INFO:     Waiting for application shutdown.
INFO:     Application shutdown complete.
INFO:     Finished server process [93042]
INFO:     Started server process [93081]
INFO:     Waiting for application startup.
INFO:     Application startup complete.
WARNING:  WatchFiles detected changes in 'scripts/research_prototype.py'. Reloading...
INFO:     Shutting down
INFO:     Waiting for application shutdown.
INFO:     Application shutdown complete.
INFO:     Finished server process [93081]
INFO:     Started server process [93092]
INFO:     Waiting for application startup.
INFO:     Application startup complete.
WARNING:  WatchFiles detected changes in 'scripts/research_prototype.py'. Reloading...
INFO:     Shutting down
INFO:     Waiting for application shutdown.
INFO:     Application shutdown complete.
INFO:     Finished server process [93092]
INFO:     Started server process [93700]
INFO:     Waiting for application startup.
INFO:     Application startup complete.
WARNING:  WatchFiles detected changes in 'app/services/discovery_service.py'. Reloading...
INFO:     Shutting down
INFO:     Waiting for application shutdown.
INFO:     Application shutdown complete.
INFO:     Finished server process [93700]
INFO:     Started server process [94119]
INFO:     Waiting for application startup.
INFO:     Application startup complete.
WARNING:  WatchFiles detected changes in 'scripts/rescore_company.py'. Reloading...
INFO:     Shutting down
INFO:     Waiting for application shutdown.
INFO:     Application shutdown complete.
INFO:     Finished server process [94119]
INFO:     Started server process [94130]
INFO:     Waiting for application startup.
INFO:     Application startup complete.
INFO:     127.0.0.1:56835 - "POST /api/v1/scores HTTP/1.1" 200 OK
WARNING:  WatchFiles detected changes in 'app/services/scrapers/generic_html.py'. Reloading...
INFO:     Shutting down
INFO:     Waiting for application shutdown.
INFO:     Application shutdown complete.
INFO:     Finished server process [94130]
INFO:     Started server process [96393]
INFO:     Waiting for application startup.
INFO:     Application startup complete.
INFO:     127.0.0.1:56957 - "POST /api/v1/scores HTTP/1.1" 200 OK
INFO:     127.0.0.1:57179 - "POST /api/v1/scores HTTP/1.1" 200 OK
INFO:     127.0.0.1:57182 - "POST /api/v1/scores HTTP/1.1" 200 OK
INFO:     127.0.0.1:57184 - "POST /api/v1/scores HTTP/1.1" 200 OK
INFO:     127.0.0.1:57193 - "POST /api/v1/scores HTTP/1.1" 200 OK
WARNING:  WatchFiles detected changes in 'app/services/scoring_service.py'. Reloading...
INFO:     Shutting down
INFO:     Waiting for application shutdown.
INFO:     Application shutdown complete.
INFO:     Finished server process [96393]
INFO:     Started server process [97930]
INFO:     Waiting for application startup.
INFO:     Application startup complete.
INFO:     127.0.0.1:57311 - "POST /api/v1/scores HTTP/1.1" 200 OK
WARNING:  WatchFiles detected changes in 'app/services/scoring/calculator.py'. Reloading...
INFO:     Shutting down
INFO:     Waiting for application shutdown.
INFO:     Application shutdown complete.
INFO:     Finished server process [97930]
INFO:     Started server process [98732]
INFO:     Waiting for application startup.
INFO:     Application startup complete.
WARNING:  WatchFiles detected changes in 'app/services/scoring/calculator.py'. Reloading...
INFO:     Shutting down
INFO:     Waiting for application shutdown.
INFO:     Application shutdown complete.
INFO:     Finished server process [98732]
INFO:     Started server process [99427]
INFO:     Waiting for application startup.
INFO:     Application startup complete.
WARNING:  WatchFiles detected changes in 'app/services/scoring/calculator.py'. Reloading...
INFO:     Shutting down
INFO:     Waiting for application shutdown.
INFO:     Application shutdown complete.
INFO:     Finished server process [99427]
INFO:     Started server process [235]
INFO:     Waiting for application startup.
INFO:     Application startup complete.
WARNING:  WatchFiles detected changes in 'app/models/enums.py'. Reloading...
INFO:     Shutting down
INFO:     Waiting for application shutdown.
INFO:     Application shutdown complete.
INFO:     Finished server process [235]
Process SpawnProcess-19:
Traceback (most recent call last):
  File "/Users/dutch/.pyenv/versions/3.14.2/lib/python3.14/multiprocessing/process.py", line 320, in _bootstrap
    self.run()
    ~~~~~~~~^^
  File "/Users/dutch/.pyenv/versions/3.14.2/lib/python3.14/multiprocessing/process.py", line 108, in run
    self._target(*self._args, **self._kwargs)
    ~~~~~~~~~~~~^^^^^^^^^^^^^^^^^^^^^^^^^^^^^
  File "/Users/dutch/Dev/signalscore/execution/backend/.venv/lib/python3.14/site-packages/uvicorn/_subprocess.py", line 80, in subprocess_started
    target(sockets=sockets)
    ~~~~~~^^^^^^^^^^^^^^^^^
  File "/Users/dutch/Dev/signalscore/execution/backend/.venv/lib/python3.14/site-packages/uvicorn/server.py", line 67, in run
    return asyncio_run(self.serve(sockets=sockets), loop_factory=self.config.get_loop_factory())
  File "/Users/dutch/.pyenv/versions/3.14.2/lib/python3.14/asyncio/runners.py", line 204, in run
    return runner.run(main)
           ~~~~~~~~~~^^^^^^
  File "/Users/dutch/.pyenv/versions/3.14.2/lib/python3.14/asyncio/runners.py", line 127, in run
    return self._loop.run_until_complete(task)
           ~~~~~~~~~~~~~~~~~~~~~~~~~~~~~^^^^^^
  File "uvloop/loop.pyx", line 1518, in uvloop.loop.Loop.run_until_complete
  File "/Users/dutch/Dev/signalscore/execution/backend/.venv/lib/python3.14/site-packages/uvicorn/server.py", line 71, in serve
    await self._serve(sockets)
  File "/Users/dutch/Dev/signalscore/execution/backend/.venv/lib/python3.14/site-packages/uvicorn/server.py", line 78, in _serve
    config.load()
    ~~~~~~~~~~~^^
  File "/Users/dutch/Dev/signalscore/execution/backend/.venv/lib/python3.14/site-packages/uvicorn/config.py", line 439, in load
    self.loaded_app = import_from_string(self.app)
                      ~~~~~~~~~~~~~~~~~~^^^^^^^^^^
  File "/Users/dutch/Dev/signalscore/execution/backend/.venv/lib/python3.14/site-packages/uvicorn/importer.py", line 19, in import_from_string
    module = importlib.import_module(module_str)
  File "/Users/dutch/.pyenv/versions/3.14.2/lib/python3.14/importlib/__init__.py", line 88, in import_module
    return _bootstrap._gcd_import(name[level:], package, level)
           ~~~~~~~~~~~~~~~~~~~~~~^^^^^^^^^^^^^^^^^^^^^^^^^^^^^^
  File "<frozen importlib._bootstrap>", line 1398, in _gcd_import
  File "<frozen importlib._bootstrap>", line 1371, in _find_and_load
  File "<frozen importlib._bootstrap>", line 1342, in _find_and_load_unlocked
  File "<frozen importlib._bootstrap>", line 938, in _load_unlocked
  File "<frozen importlib._bootstrap_external>", line 759, in exec_module
  File "<frozen importlib._bootstrap>", line 491, in _call_with_frames_removed
  File "/Users/dutch/Dev/signalscore/execution/backend/app/main.py", line 7, in <module>
    from app.api.v1.router import api_router
  File "/Users/dutch/Dev/signalscore/execution/backend/app/api/v1/router.py", line 5, in <module>
    from app.api.v1.companies import router as companies_router
  File "/Users/dutch/Dev/signalscore/execution/backend/app/api/v1/companies.py", line 9, in <module>
    from app.services.company_repository import CompanyRepository
  File "/Users/dutch/Dev/signalscore/execution/backend/app/services/__init__.py", line 4, in <module>
    from app.services.company_repository import CompanyRepository
  File "/Users/dutch/Dev/signalscore/execution/backend/app/services/company_repository.py", line 7, in <module>
    from app.models import Company
  File "/Users/dutch/Dev/signalscore/execution/backend/app/models/__init__.py", line 3, in <module>
    from app.models.company import Company, Score
  File "/Users/dutch/Dev/signalscore/execution/backend/app/models/company.py", line 10, in <module>
    from app.models.enums import AIReadinessCategory
  File "/Users/dutch/Dev/signalscore/execution/backend/app/models/enums.py", line 4, in <module>
    class AIReadinessCategory(str, Enum):
    ...<6 lines>...
        NO_SIGNAL = "no_signal"
  File "/Users/dutch/Dev/signalscore/execution/backend/app/models/enums.py", line 10, in AIReadinessCategory
    TRANSFORMATIONAL = "transformational"
    ^^^^^^^^^^^^^^^^
  File "/Users/dutch/.pyenv/versions/3.14.2/lib/python3.14/enum.py", line 390, in __setitem__
    raise TypeError('%r already defined as %r' % (key, self[key]))
TypeError: 'TRANSFORMATIONAL' already defined as 'transformational'
WARNING:  WatchFiles detected changes in 'app/models/company.py'. Reloading...
Process SpawnProcess-20:
Traceback (most recent call last):
  File "/Users/dutch/.pyenv/versions/3.14.2/lib/python3.14/multiprocessing/process.py", line 320, in _bootstrap
    self.run()
    ~~~~~~~~^^
  File "/Users/dutch/.pyenv/versions/3.14.2/lib/python3.14/multiprocessing/process.py", line 108, in run
    self._target(*self._args, **self._kwargs)
    ~~~~~~~~~~~~^^^^^^^^^^^^^^^^^^^^^^^^^^^^^
  File "/Users/dutch/Dev/signalscore/execution/backend/.venv/lib/python3.14/site-packages/uvicorn/_subprocess.py", line 80, in subprocess_started
    target(sockets=sockets)
    ~~~~~~^^^^^^^^^^^^^^^^^
  File "/Users/dutch/Dev/signalscore/execution/backend/.venv/lib/python3.14/site-packages/uvicorn/server.py", line 67, in run
    return asyncio_run(self.serve(sockets=sockets), loop_factory=self.config.get_loop_factory())
  File "/Users/dutch/.pyenv/versions/3.14.2/lib/python3.14/asyncio/runners.py", line 204, in run
    return runner.run(main)
           ~~~~~~~~~~^^^^^^
  File "/Users/dutch/.pyenv/versions/3.14.2/lib/python3.14/asyncio/runners.py", line 127, in run
    return self._loop.run_until_complete(task)
           ~~~~~~~~~~~~~~~~~~~~~~~~~~~~~^^^^^^
  File "uvloop/loop.pyx", line 1518, in uvloop.loop.Loop.run_until_complete
  File "/Users/dutch/Dev/signalscore/execution/backend/.venv/lib/python3.14/site-packages/uvicorn/server.py", line 71, in serve
    await self._serve(sockets)
  File "/Users/dutch/Dev/signalscore/execution/backend/.venv/lib/python3.14/site-packages/uvicorn/server.py", line 78, in _serve
    config.load()
    ~~~~~~~~~~~^^
  File "/Users/dutch/Dev/signalscore/execution/backend/.venv/lib/python3.14/site-packages/uvicorn/config.py", line 439, in load
    self.loaded_app = import_from_string(self.app)
                      ~~~~~~~~~~~~~~~~~~^^^^^^^^^^
  File "/Users/dutch/Dev/signalscore/execution/backend/.venv/lib/python3.14/site-packages/uvicorn/importer.py", line 19, in import_from_string
    module = importlib.import_module(module_str)
  File "/Users/dutch/.pyenv/versions/3.14.2/lib/python3.14/importlib/__init__.py", line 88, in import_module
    return _bootstrap._gcd_import(name[level:], package, level)
           ~~~~~~~~~~~~~~~~~~~~~~^^^^^^^^^^^^^^^^^^^^^^^^^^^^^^
  File "<frozen importlib._bootstrap>", line 1398, in _gcd_import
  File "<frozen importlib._bootstrap>", line 1371, in _find_and_load
  File "<frozen importlib._bootstrap>", line 1342, in _find_and_load_unlocked
  File "<frozen importlib._bootstrap>", line 938, in _load_unlocked
  File "<frozen importlib._bootstrap_external>", line 759, in exec_module
  File "<frozen importlib._bootstrap>", line 491, in _call_with_frames_removed
  File "/Users/dutch/Dev/signalscore/execution/backend/app/main.py", line 7, in <module>
    from app.api.v1.router import api_router
  File "/Users/dutch/Dev/signalscore/execution/backend/app/api/v1/router.py", line 5, in <module>
    from app.api.v1.companies import router as companies_router
  File "/Users/dutch/Dev/signalscore/execution/backend/app/api/v1/companies.py", line 9, in <module>
    from app.services.company_repository import CompanyRepository
  File "/Users/dutch/Dev/signalscore/execution/backend/app/services/__init__.py", line 4, in <module>
    from app.services.company_repository import CompanyRepository
  File "/Users/dutch/Dev/signalscore/execution/backend/app/services/company_repository.py", line 7, in <module>
    from app.models import Company
  File "/Users/dutch/Dev/signalscore/execution/backend/app/models/__init__.py", line 3, in <module>
    from app.models.company import Company, Score
  File "/Users/dutch/Dev/signalscore/execution/backend/app/models/company.py", line 10, in <module>
    from app.models.enums import AIReadinessCategory
  File "/Users/dutch/Dev/signalscore/execution/backend/app/models/enums.py", line 4, in <module>
    class AIReadinessCategory(str, Enum):
    ...<6 lines>...
        NO_SIGNAL = "no_signal"
  File "/Users/dutch/Dev/signalscore/execution/backend/app/models/enums.py", line 10, in AIReadinessCategory
    TRANSFORMATIONAL = "transformational"
    ^^^^^^^^^^^^^^^^
  File "/Users/dutch/.pyenv/versions/3.14.2/lib/python3.14/enum.py", line 390, in __setitem__
    raise TypeError('%r already defined as %r' % (key, self[key]))
TypeError: 'TRANSFORMATIONAL' already defined as 'transformational'
WARNING:  WatchFiles detected changes in 'scripts/rescore_company.py'. Reloading...
Process SpawnProcess-21:
Traceback (most recent call last):
  File "/Users/dutch/.pyenv/versions/3.14.2/lib/python3.14/multiprocessing/process.py", line 320, in _bootstrap
    self.run()
    ~~~~~~~~^^
  File "/Users/dutch/.pyenv/versions/3.14.2/lib/python3.14/multiprocessing/process.py", line 108, in run
    self._target(*self._args, **self._kwargs)
    ~~~~~~~~~~~~^^^^^^^^^^^^^^^^^^^^^^^^^^^^^
  File "/Users/dutch/Dev/signalscore/execution/backend/.venv/lib/python3.14/site-packages/uvicorn/_subprocess.py", line 80, in subprocess_started
    target(sockets=sockets)
    ~~~~~~^^^^^^^^^^^^^^^^^
  File "/Users/dutch/Dev/signalscore/execution/backend/.venv/lib/python3.14/site-packages/uvicorn/server.py", line 67, in run
    return asyncio_run(self.serve(sockets=sockets), loop_factory=self.config.get_loop_factory())
  File "/Users/dutch/.pyenv/versions/3.14.2/lib/python3.14/asyncio/runners.py", line 204, in run
    return runner.run(main)
           ~~~~~~~~~~^^^^^^
  File "/Users/dutch/.pyenv/versions/3.14.2/lib/python3.14/asyncio/runners.py", line 127, in run
    return self._loop.run_until_complete(task)
           ~~~~~~~~~~~~~~~~~~~~~~~~~~~~~^^^^^^
  File "uvloop/loop.pyx", line 1518, in uvloop.loop.Loop.run_until_complete
  File "/Users/dutch/Dev/signalscore/execution/backend/.venv/lib/python3.14/site-packages/uvicorn/server.py", line 71, in serve
    await self._serve(sockets)
  File "/Users/dutch/Dev/signalscore/execution/backend/.venv/lib/python3.14/site-packages/uvicorn/server.py", line 78, in _serve
    config.load()
    ~~~~~~~~~~~^^
  File "/Users/dutch/Dev/signalscore/execution/backend/.venv/lib/python3.14/site-packages/uvicorn/config.py", line 439, in load
    self.loaded_app = import_from_string(self.app)
                      ~~~~~~~~~~~~~~~~~~^^^^^^^^^^
  File "/Users/dutch/Dev/signalscore/execution/backend/.venv/lib/python3.14/site-packages/uvicorn/importer.py", line 19, in import_from_string
    module = importlib.import_module(module_str)
  File "/Users/dutch/.pyenv/versions/3.14.2/lib/python3.14/importlib/__init__.py", line 88, in import_module
    return _bootstrap._gcd_import(name[level:], package, level)
           ~~~~~~~~~~~~~~~~~~~~~~^^^^^^^^^^^^^^^^^^^^^^^^^^^^^^
  File "<frozen importlib._bootstrap>", line 1398, in _gcd_import
  File "<frozen importlib._bootstrap>", line 1371, in _find_and_load
  File "<frozen importlib._bootstrap>", line 1342, in _find_and_load_unlocked
  File "<frozen importlib._bootstrap>", line 938, in _load_unlocked
  File "<frozen importlib._bootstrap_external>", line 759, in exec_module
  File "<frozen importlib._bootstrap>", line 491, in _call_with_frames_removed
  File "/Users/dutch/Dev/signalscore/execution/backend/app/main.py", line 7, in <module>
    from app.api.v1.router import api_router
  File "/Users/dutch/Dev/signalscore/execution/backend/app/api/v1/router.py", line 5, in <module>
    from app.api.v1.companies import router as companies_router
  File "/Users/dutch/Dev/signalscore/execution/backend/app/api/v1/companies.py", line 9, in <module>
    from app.services.company_repository import CompanyRepository
  File "/Users/dutch/Dev/signalscore/execution/backend/app/services/__init__.py", line 4, in <module>
    from app.services.company_repository import CompanyRepository
  File "/Users/dutch/Dev/signalscore/execution/backend/app/services/company_repository.py", line 7, in <module>
    from app.models import Company
  File "/Users/dutch/Dev/signalscore/execution/backend/app/models/__init__.py", line 3, in <module>
    from app.models.company import Company, Score
  File "/Users/dutch/Dev/signalscore/execution/backend/app/models/company.py", line 10, in <module>
    from app.models.enums import AIReadinessCategory
  File "/Users/dutch/Dev/signalscore/execution/backend/app/models/enums.py", line 4, in <module>
    class AIReadinessCategory(str, Enum):
    ...<6 lines>...
        NO_SIGNAL = "no_signal"
  File "/Users/dutch/Dev/signalscore/execution/backend/app/models/enums.py", line 10, in AIReadinessCategory
    TRANSFORMATIONAL = "transformational"
    ^^^^^^^^^^^^^^^^
  File "/Users/dutch/.pyenv/versions/3.14.2/lib/python3.14/enum.py", line 390, in __setitem__
    raise TypeError('%r already defined as %r' % (key, self[key]))
TypeError: 'TRANSFORMATIONAL' already defined as 'transformational'
WARNING:  WatchFiles detected changes in 'scripts/rescore_company.py'. Reloading...
Process SpawnProcess-22:
Traceback (most recent call last):
  File "/Users/dutch/.pyenv/versions/3.14.2/lib/python3.14/multiprocessing/process.py", line 320, in _bootstrap
    self.run()
    ~~~~~~~~^^
  File "/Users/dutch/.pyenv/versions/3.14.2/lib/python3.14/multiprocessing/process.py", line 108, in run
    self._target(*self._args, **self._kwargs)
    ~~~~~~~~~~~~^^^^^^^^^^^^^^^^^^^^^^^^^^^^^
  File "/Users/dutch/Dev/signalscore/execution/backend/.venv/lib/python3.14/site-packages/uvicorn/_subprocess.py", line 80, in subprocess_started
    target(sockets=sockets)
    ~~~~~~^^^^^^^^^^^^^^^^^
  File "/Users/dutch/Dev/signalscore/execution/backend/.venv/lib/python3.14/site-packages/uvicorn/server.py", line 67, in run
    return asyncio_run(self.serve(sockets=sockets), loop_factory=self.config.get_loop_factory())
  File "/Users/dutch/.pyenv/versions/3.14.2/lib/python3.14/asyncio/runners.py", line 204, in run
    return runner.run(main)
           ~~~~~~~~~~^^^^^^
  File "/Users/dutch/.pyenv/versions/3.14.2/lib/python3.14/asyncio/runners.py", line 127, in run
    return self._loop.run_until_complete(task)
           ~~~~~~~~~~~~~~~~~~~~~~~~~~~~~^^^^^^
  File "uvloop/loop.pyx", line 1518, in uvloop.loop.Loop.run_until_complete
  File "/Users/dutch/Dev/signalscore/execution/backend/.venv/lib/python3.14/site-packages/uvicorn/server.py", line 71, in serve
    await self._serve(sockets)
  File "/Users/dutch/Dev/signalscore/execution/backend/.venv/lib/python3.14/site-packages/uvicorn/server.py", line 78, in _serve
    config.load()
    ~~~~~~~~~~~^^
  File "/Users/dutch/Dev/signalscore/execution/backend/.venv/lib/python3.14/site-packages/uvicorn/config.py", line 439, in load
    self.loaded_app = import_from_string(self.app)
                      ~~~~~~~~~~~~~~~~~~^^^^^^^^^^
  File "/Users/dutch/Dev/signalscore/execution/backend/.venv/lib/python3.14/site-packages/uvicorn/importer.py", line 19, in import_from_string
    module = importlib.import_module(module_str)
  File "/Users/dutch/.pyenv/versions/3.14.2/lib/python3.14/importlib/__init__.py", line 88, in import_module
    return _bootstrap._gcd_import(name[level:], package, level)
           ~~~~~~~~~~~~~~~~~~~~~~^^^^^^^^^^^^^^^^^^^^^^^^^^^^^^
  File "<frozen importlib._bootstrap>", line 1398, in _gcd_import
  File "<frozen importlib._bootstrap>", line 1371, in _find_and_load
  File "<frozen importlib._bootstrap>", line 1342, in _find_and_load_unlocked
  File "<frozen importlib._bootstrap>", line 938, in _load_unlocked
  File "<frozen importlib._bootstrap_external>", line 759, in exec_module
  File "<frozen importlib._bootstrap>", line 491, in _call_with_frames_removed
  File "/Users/dutch/Dev/signalscore/execution/backend/app/main.py", line 7, in <module>
    from app.api.v1.router import api_router
  File "/Users/dutch/Dev/signalscore/execution/backend/app/api/v1/router.py", line 5, in <module>
    from app.api.v1.companies import router as companies_router
  File "/Users/dutch/Dev/signalscore/execution/backend/app/api/v1/companies.py", line 9, in <module>
    from app.services.company_repository import CompanyRepository
  File "/Users/dutch/Dev/signalscore/execution/backend/app/services/__init__.py", line 4, in <module>
    from app.services.company_repository import CompanyRepository
  File "/Users/dutch/Dev/signalscore/execution/backend/app/services/company_repository.py", line 7, in <module>
    from app.models import Company
  File "/Users/dutch/Dev/signalscore/execution/backend/app/models/__init__.py", line 3, in <module>
    from app.models.company import Company, Score
  File "/Users/dutch/Dev/signalscore/execution/backend/app/models/company.py", line 10, in <module>
    from app.models.enums import AIReadinessCategory
  File "/Users/dutch/Dev/signalscore/execution/backend/app/models/enums.py", line 4, in <module>
    class AIReadinessCategory(str, Enum):
    ...<6 lines>...
        NO_SIGNAL = "no_signal"
  File "/Users/dutch/Dev/signalscore/execution/backend/app/models/enums.py", line 10, in AIReadinessCategory
    TRANSFORMATIONAL = "transformational"
    ^^^^^^^^^^^^^^^^
  File "/Users/dutch/.pyenv/versions/3.14.2/lib/python3.14/enum.py", line 390, in __setitem__
    raise TypeError('%r already defined as %r' % (key, self[key]))
TypeError: 'TRANSFORMATIONAL' already defined as 'transformational'
WARNING:  WatchFiles detected changes in 'tests/test_sources.py'. Reloading...
Process SpawnProcess-23:
Traceback (most recent call last):
  File "/Users/dutch/.pyenv/versions/3.14.2/lib/python3.14/multiprocessing/process.py", line 320, in _bootstrap
    self.run()
    ~~~~~~~~^^
  File "/Users/dutch/.pyenv/versions/3.14.2/lib/python3.14/multiprocessing/process.py", line 108, in run
    self._target(*self._args, **self._kwargs)
    ~~~~~~~~~~~~^^^^^^^^^^^^^^^^^^^^^^^^^^^^^
  File "/Users/dutch/Dev/signalscore/execution/backend/.venv/lib/python3.14/site-packages/uvicorn/_subprocess.py", line 80, in subprocess_started
    target(sockets=sockets)
    ~~~~~~^^^^^^^^^^^^^^^^^
  File "/Users/dutch/Dev/signalscore/execution/backend/.venv/lib/python3.14/site-packages/uvicorn/server.py", line 67, in run
    return asyncio_run(self.serve(sockets=sockets), loop_factory=self.config.get_loop_factory())
  File "/Users/dutch/.pyenv/versions/3.14.2/lib/python3.14/asyncio/runners.py", line 204, in run
    return runner.run(main)
           ~~~~~~~~~~^^^^^^
  File "/Users/dutch/.pyenv/versions/3.14.2/lib/python3.14/asyncio/runners.py", line 127, in run
    return self._loop.run_until_complete(task)
           ~~~~~~~~~~~~~~~~~~~~~~~~~~~~~^^^^^^
  File "uvloop/loop.pyx", line 1518, in uvloop.loop.Loop.run_until_complete
  File "/Users/dutch/Dev/signalscore/execution/backend/.venv/lib/python3.14/site-packages/uvicorn/server.py", line 71, in serve
    await self._serve(sockets)
  File "/Users/dutch/Dev/signalscore/execution/backend/.venv/lib/python3.14/site-packages/uvicorn/server.py", line 78, in _serve
    config.load()
    ~~~~~~~~~~~^^
  File "/Users/dutch/Dev/signalscore/execution/backend/.venv/lib/python3.14/site-packages/uvicorn/config.py", line 439, in load
    self.loaded_app = import_from_string(self.app)
                      ~~~~~~~~~~~~~~~~~~^^^^^^^^^^
  File "/Users/dutch/Dev/signalscore/execution/backend/.venv/lib/python3.14/site-packages/uvicorn/importer.py", line 19, in import_from_string
    module = importlib.import_module(module_str)
  File "/Users/dutch/.pyenv/versions/3.14.2/lib/python3.14/importlib/__init__.py", line 88, in import_module
    return _bootstrap._gcd_import(name[level:], package, level)
           ~~~~~~~~~~~~~~~~~~~~~~^^^^^^^^^^^^^^^^^^^^^^^^^^^^^^
  File "<frozen importlib._bootstrap>", line 1398, in _gcd_import
  File "<frozen importlib._bootstrap>", line 1371, in _find_and_load
  File "<frozen importlib._bootstrap>", line 1342, in _find_and_load_unlocked
  File "<frozen importlib._bootstrap>", line 938, in _load_unlocked
  File "<frozen importlib._bootstrap_external>", line 759, in exec_module
  File "<frozen importlib._bootstrap>", line 491, in _call_with_frames_removed
  File "/Users/dutch/Dev/signalscore/execution/backend/app/main.py", line 7, in <module>
    from app.api.v1.router import api_router
  File "/Users/dutch/Dev/signalscore/execution/backend/app/api/v1/router.py", line 5, in <module>
    from app.api.v1.companies import router as companies_router
  File "/Users/dutch/Dev/signalscore/execution/backend/app/api/v1/companies.py", line 9, in <module>
    from app.services.company_repository import CompanyRepository
  File "/Users/dutch/Dev/signalscore/execution/backend/app/services/__init__.py", line 4, in <module>
    from app.services.company_repository import CompanyRepository
  File "/Users/dutch/Dev/signalscore/execution/backend/app/services/company_repository.py", line 7, in <module>
    from app.models import Company
  File "/Users/dutch/Dev/signalscore/execution/backend/app/models/__init__.py", line 3, in <module>
    from app.models.company import Company, Score
  File "/Users/dutch/Dev/signalscore/execution/backend/app/models/company.py", line 10, in <module>
    from app.models.enums import AIReadinessCategory
  File "/Users/dutch/Dev/signalscore/execution/backend/app/models/enums.py", line 4, in <module>
    class AIReadinessCategory(str, Enum):
    ...<6 lines>...
        NO_SIGNAL = "no_signal"
  File "/Users/dutch/Dev/signalscore/execution/backend/app/models/enums.py", line 10, in AIReadinessCategory
    TRANSFORMATIONAL = "transformational"
    ^^^^^^^^^^^^^^^^
  File "/Users/dutch/.pyenv/versions/3.14.2/lib/python3.14/enum.py", line 390, in __setitem__
    raise TypeError('%r already defined as %r' % (key, self[key]))
TypeError: 'TRANSFORMATIONAL' already defined as 'transformational'
WARNING:  WatchFiles detected changes in 'app/models/enums.py'. Reloading...
INFO:     Started server process [3983]
INFO:     Waiting for application startup.
INFO:     Application startup complete.
WARNING:  WatchFiles detected changes in 'scripts/rescore_company.py'. Reloading...
INFO:     Shutting down
INFO:     Waiting for application shutdown.
INFO:     Application shutdown complete.
INFO:     Finished server process [3983]
INFO:     Started server process [5334]
INFO:     Waiting for application startup.
INFO:     Application startup complete.
INFO:     127.0.0.1:58286 - "POST /api/v1/scores HTTP/1.1" 200 OK
INFO:     127.0.0.1:58289 - "POST /api/v1/scores HTTP/1.1" 200 OK
INFO:     127.0.0.1:58983 - "POST /api/v1/scores HTTP/1.1" 202 Accepted
Starting background scoring for https://stripe.com
Found 1 potential job links. Deep scraping top 3...
Deep scrape 1 success: 4314 chars
Successfully scored Stripe
INFO:     127.0.0.1:59004 - "POST /api/v1/scores HTTP/1.1" 200 OK
WARNING:  WatchFiles detected changes in 'app/schemas/scores.py'. Reloading...
INFO:     Shutting down
INFO:     Waiting for application shutdown.
INFO:     Application shutdown complete.
INFO:     Finished server process [5334]
INFO:     Started server process [9934]
INFO:     Waiting for application startup.
INFO:     Application startup complete.
WARNING:  WatchFiles detected changes in 'app/api/v1/scores.py'. Reloading...
INFO:     Shutting down
INFO:     Waiting for application shutdown.
INFO:     Application shutdown complete.
INFO:     Finished server process [9934]
INFO:     Started server process [9948]
INFO:     Waiting for application startup.
INFO:     Application startup complete.
INFO:     127.0.0.1:59327 - "POST /api/v1/scores HTTP/1.1" 200 OK
WARNING:  WatchFiles detected changes in 'app/api/v1/scores.py'. Reloading...
INFO:     Shutting down
INFO:     Waiting for application shutdown.
INFO:     Application shutdown complete.
INFO:     Finished server process [9948]
INFO:     Started server process [10743]
INFO:     Waiting for application startup.
INFO:     Application startup complete.
WARNING:  WatchFiles detected changes in 'app/schemas/scores.py'. Reloading...
INFO:     Shutting down
INFO:     Waiting for application shutdown.
INFO:     Application shutdown complete.
INFO:     Finished server process [10743]
INFO:     Started server process [10753]
INFO:     Waiting for application startup.
INFO:     Application startup complete.
WARNING:  WatchFiles detected changes in 'app/api/v1/scores.py'. Reloading...
INFO:     Shutting down
INFO:     Waiting for application shutdown.
INFO:     Application shutdown complete.
INFO:     Finished server process [10753]
INFO:     Started server process [13279]
INFO:     Waiting for application startup.
INFO:     Application startup complete.
INFO:     127.0.0.1:60436 - "POST /api/v1/scores HTTP/1.1" 200 OK
INFO:     127.0.0.1:60439 - "GET /api/v1/scores/stripe.com HTTP/1.1" 200 OK
INFO:     127.0.0.1:60440 - "GET /api/v1/scores/stripe.com HTTP/1.1" 200 OK
INFO:     Shutting down
INFO:     Waiting for application shutdown.
INFO:     Application shutdown complete.
INFO:     Finished server process [13279]
INFO:     Stopping reloader process [83230]
